<?xml version="1.0" encoding="UTF-8"?>
<testng-results skipped="0" failed="0" ignored="0" total="1" passed="1">
  <reporter-output>
  </reporter-output>
  <suite name="Default suite" duration-ms="4650" started-at="2021-12-31T14:20:30Z" finished-at="2021-12-31T14:20:35Z">
    <groups>
    </groups>
    <test name="Default test" duration-ms="4650" started-at="2021-12-31T14:20:30Z" finished-at="2021-12-31T14:20:35Z">
      <class name="services.IncidentTests">
        <test-method status="PASS" signature="setUp()[pri:0, instance:services.IncidentTests@271f18d3]" name="setUp" is-config="true" duration-ms="2222" started-at="2021-12-31T14:20:28Z" finished-at="2021-12-31T14:20:30Z">
          <reporter-output>
          </reporter-output>
        </test-method> <!-- setUp -->
        <test-method status="PASS" signature="getIncidents()[pri:0, instance:services.IncidentTests@271f18d3]" name="getIncidents" duration-ms="4320" started-at="2021-12-31T14:20:30Z" finished-at="2021-12-31T14:20:34Z">
          <reporter-output>
          </reporter-output>
        </test-method> <!-- getIncidents -->
      </class> <!-- services.IncidentTests -->
    </test> <!-- Default test -->
  </suite> <!-- Default suite -->
</testng-results>
